<?xml version="1.0" encoding="UTF-8"?>
<!-- Generated by org.testng.reporters.JUnitReportReporter -->
<testsuite hostname="DESKTOP-1BGG0O8" failures="0" tests="1" name="TestCases.Demo" time="0.016" errors="0" timestamp="2023-12-20T11:59:18 IST" skipped="0">
  <testcase classname="TestCases.Demo" name="Tc_AddToCart_001_Test" time="0.016"/>
  <system-out/>
</testsuite> <!-- TestCases.Demo -->
